0    [main] INFO  com.zero.Application  - Application online
0    [main] INFO  com.zero.Application  - Application online
37236 [main] INFO  com.zero.Application  - Application online
0    [main] INFO  com.zero.Application  - Application online
0    [main] INFO  com.zero.Application  - Application online
31070 [main] INFO  com.zero.Application  - Application online
0    [main] INFO  com.zero.Application  - Application online
0    [main] INFO  com.zero.Application  - Application online
0    [main] INFO  com.zero.Application  - Application online
0    [main] INFO  com.zero.Application  - Application online
0    [main] INFO  com.zero.Application  - Application online
0    [main] INFO  com.zero.Application  - Application online
0    [main] INFO  com.zero.Application  - Application online
0    [main] INFO  com.zero.Application  - Application online
0    [main] INFO  com.zero.Application  - Application online
0    [main] INFO  com.zero.Application  - Application online
0    [main] INFO  com.zero.Application  - Application online
0    [main] INFO  com.zero.Application  - Application online
0    [main] INFO  com.zero.Application  - Application online
0    [main] INFO  com.zero.Application  - Application online
58816 [main] INFO  com.zero.admin.user.User  - Changing user's username
0    [main] INFO  com.zero.Application  - Application online
64720 [main] INFO  com.zero.admin.Administration  - new customer created: johnnytest
92482 [main] INFO  com.zero.admin.user.User  - Changing user's username
108085 [main] INFO  com.zero.admin.user.User  - Changing user's password
116256 [main] INFO  com.zero.admin.user.User  - Changing user's first name
120188 [main] INFO  com.zero.admin.user.User  - Changing user's last name
149981 [main] INFO  com.zero.admin.user.User  - Changing user's home address
164546 [main] INFO  com.zero.admin.user.User  - Changing user's city
169315 [main] INFO  com.zero.admin.user.User  - Changing user's state
172465 [main] INFO  com.zero.admin.user.User  - Changing user's zip code
0    [main] INFO  com.zero.Application  - Application online
0    [main] INFO  com.zero.Application  - Application online
109757 [main] INFO  com.zero.admin.user.User  - Changing user's username
119062 [main] INFO  com.zero.admin.user.User  - Changing user's password
0    [main] INFO  com.zero.Application  - Application online
23478 [main] INFO  com.zero.admin.user.User  - Changing user's username
39091 [main] INFO  com.zero.admin.user.User  - Changing user's password
0    [main] INFO  com.zero.Application  - Application online
123571 [main] INFO  com.zero.admin.user.User  - Changing user's username
0    [main] INFO  com.zero.Application  - Application online
0    [main] INFO  com.zero.Application  - Application online
0    [main] INFO  com.zero.Application  - Application online
0    [main] INFO  com.zero.Application  - Application online
0    [main] INFO  com.zero.Application  - Application online
38074 [main] INFO  com.zero.admin.user.User  - Changing user's username
0    [main] INFO  com.zero.Application  - Application online
0    [main] INFO  com.zero.Application  - Application online
88576 [main] INFO  com.zero.admin.Administration  - new customer created: JohnnyTest
0    [main] INFO  com.zero.Application  - Application online
0    [main] INFO  com.zero.Application  - Application online
0    [main] INFO  com.zero.Application  - Application online
0    [main] INFO  com.zero.Application  - Application online
70267 [main] INFO  com.zero.admin.Administration  - new customer created: Jordanzeeg
0    [main] INFO  com.zero.Application  - Application online
0    [main] INFO  com.zero.Application  - Application online
1    [main] INFO  com.zero.Application  - Application online
0    [main] INFO  com.zero.Application  - Application online
271223 [main] INFO  com.zero.admin.Administration  - new customer created: jimm
409271 [main] INFO  com.zero.admin.user.User  - Changing user's password
0    [main] INFO  com.zero.Application  - Application online
0    [main] INFO  com.zero.Application  - Application online
0    [main] INFO  com.zero.Application  - Application online
1    [main] INFO  com.zero.Application  - Application online
0    [main] INFO  com.zero.Application  - Application online
0    [main] INFO  com.zero.Application  - Application online
78183 [main] INFO  com.zero.admin.Administration  - new customer created: otherJohnnyTest
0    [main] INFO  com.zero.Application  - Application online
0    [main] INFO  com.zero.Application  - Application online
41071 [main] INFO  com.zero.admin.Administration  - new customer created: johnnytest
0    [main] INFO  com.zero.Application  - Application online
0    [main] INFO  com.zero.Application  - Application online
0    [main] INFO  com.zero.Application  - Application online
0    [main] INFO  com.zero.Application  - Application online
0    [main] INFO  com.zero.Application  - Application online
0    [main] INFO  com.zero.Application  - Application online
0    [main] INFO  com.zero.Application  - Application online
0    [main] INFO  com.zero.Application  - Application online
0    [main] INFO  com.zero.Application  - Application online
0    [main] INFO  com.zero.Application  - Application online
0    [main] INFO  com.zero.Application  - Application online
0    [main] INFO  com.zero.Application  - Application online
41746 [main] INFO  com.zero.admin.Administration  - new customer created: johnnybravo
0    [main] INFO  com.zero.Application  - Application online
0    [main] INFO  com.zero.Application  - Application online
0    [main] INFO  com.zero.Application  - Application online
0    [main] INFO  com.zero.Application  - Application online
0    [main] INFO  com.zero.Application  - Application online
0    [main] INFO  com.zero.Application  - Application online
0    [main] INFO  com.zero.Application  - Application online
0    [main] INFO  com.zero.Application  - Application online
0    [main] INFO  com.zero.Application  - Application online
0    [main] INFO  com.zero.Application  - Application online
0    [main] INFO  com.zero.Application  - Application online
38469 [main] INFO  com.zero.admin.Administration  - new customer created: johnnybravo
0    [main] INFO  com.zero.Application  - Application online
0    [main] INFO  com.zero.Application  - Application online
92482 [main] INFO  com.zero.admin.Administration  - new customer created: johnnytest
1    [main] INFO  com.zero.Application  - Application online
0    [main] INFO  com.zero.Application  - Application online
113012 [main] INFO  com.zero.admin.Administration  - new customer created: johndeer
153742 [main] INFO  com.zero.admin.Administration  - new customer created: testadmin
0    [main] INFO  com.zero.Application  - Application online
0    [main] INFO  com.zero.Application  - Application online
0    [main] INFO  com.zero.Application  - Application online
0    [main] INFO  com.zero.Application  - Application online
0    [main] INFO  com.zero.Application  - Application online
0    [main] INFO  com.zero.Application  - Application online
0    [main] INFO  com.zero.Application  - Application online
0    [main] INFO  com.zero.Application  - Application online
0    [main] INFO  com.zero.Application  - Application online
0    [main] INFO  com.zero.Application  - Application online
128712 [main] INFO  com.zero.admin.user.User  - Changing user's username
140517 [main] INFO  com.zero.admin.user.User  - Changing user's password
148737 [main] INFO  com.zero.admin.user.User  - Changing user's first name
151449 [main] INFO  com.zero.admin.user.User  - Changing user's last name
187355 [main] INFO  com.zero.admin.user.User  - Changing user's username
196710 [main] INFO  com.zero.admin.user.User  - Changing user's password
202103 [main] INFO  com.zero.admin.user.User  - Changing user's first name
205552 [main] INFO  com.zero.admin.user.User  - Changing user's last name
438911 [main] INFO  com.zero.admin.user.User  - Changing user's home address
447001 [main] INFO  com.zero.admin.user.User  - Changing user's city
449824 [main] INFO  com.zero.admin.user.User  - Changing user's state
453144 [main] INFO  com.zero.admin.user.User  - Changing user's zip code
0    [main] INFO  com.zero.Application  - Application online
0    [main] INFO  com.zero.Application  - Application online
0    [main] INFO  com.zero.Application  - Application online
0    [main] INFO  com.zero.Application  - Application online
0    [main] INFO  com.zero.Application  - Application online
0    [main] INFO  com.zero.Application  - Application online
0    [main] INFO  com.zero.Application  - Application online
0    [main] INFO  com.zero.Application  - Application online
0    [main] INFO  com.zero.Application  - Application online
0    [main] INFO  com.zero.Application  - Application online
0    [main] INFO  com.zero.Application  - Application online
0    [main] INFO  com.zero.Application  - Application online
0    [main] INFO  com.zero.Application  - Application online
0    [main] INFO  com.zero.Application  - Application online
0    [main] INFO  com.zero.Application  - Application online
0    [main] INFO  com.zero.database.Database  - database does not exist! creating
3    [main] INFO  com.zero.database.Database  - Creating database....
847  [main] INFO  com.zero.Application  - Application online
34864 [main] INFO  com.zero.admin.Administration  - new customer created: johnnytest
0    [main] INFO  com.zero.Application  - Application online
0    [main] INFO  com.zero.Application  - Application online
0    [main] INFO  com.zero.Application  - Application online
0    [main] INFO  com.zero.Application  - Application online
83090 [main] INFO  com.zero.admin.Administration  - new customer created: payal
1    [main] INFO  com.zero.Application  - Application online
0    [main] INFO  com.zero.Application  - Application online
0    [main] INFO  com.zero.Application  - Application online
0    [main] INFO  com.zero.Application  - Application online
0    [main] INFO  com.zero.Application  - Application online
0    [main] INFO  com.zero.Application  - Application online
0    [main] INFO  com.zero.Application  - Application online
0    [main] INFO  com.zero.Application  - Application online
0    [main] INFO  com.zero.Application  - Application online
0    [main] INFO  com.zero.Application  - Application online
0    [main] INFO  com.zero.Application  - Application online
0    [main] INFO  com.zero.Application  - Application online
0    [main] INFO  com.zero.Application  - Application online
0    [main] INFO  com.zero.Application  - Application online
0    [main] INFO  com.zero.Application  - Application online
0    [main] INFO  com.zero.Application  - Application online
0    [main] INFO  com.zero.Application  - Application online
0    [main] INFO  com.zero.Application  - Application online
0    [main] INFO  com.zero.Application  - Application online
0    [main] INFO  com.zero.Application  - Application online
0    [main] INFO  com.zero.Application  - Application online
0    [main] INFO  com.zero.Application  - Application online
0    [main] INFO  com.zero.Application  - Application online
0    [main] INFO  com.zero.Application  - Application online
0    [main] INFO  com.zero.Application  - Application online
0    [main] INFO  com.zero.Application  - Application online
1    [main] INFO  com.zero.Application  - Application online
0    [main] INFO  com.zero.Application  - Application online
0    [main] INFO  com.zero.Application  - Application online
0    [main] INFO  com.zero.Application  - Application online
0    [main] INFO  com.zero.Application  - Application online
0    [main] INFO  com.zero.Application  - Application online
0    [main] INFO  com.zero.Application  - Application online
0    [main] INFO  com.zero.Application  - Application online
26619 [main] INFO  com.zero.admin.Administration  - new customer created: johnnytest
180034 [main] INFO  com.zero.admin.Administration  - new customer created: john
0    [main] INFO  com.zero.Application  - Application online
0    [main] INFO  com.zero.Application  - Application online
0    [main] INFO  com.zero.Application  - Application online
0    [main] INFO  com.zero.Application  - Application online
0    [main] INFO  com.zero.Application  - Application online
0    [main] INFO  com.zero.Application  - Application online
0    [main] INFO  com.zero.Application  - Application online
0    [main] INFO  com.zero.Application  - Application online
0    [main] INFO  com.zero.Application  - Application online
0    [main] INFO  com.zero.Application  - Application online
0    [main] INFO  com.zero.Application  - Application online
0    [main] INFO  com.zero.Application  - Application online
0    [main] INFO  com.zero.Application  - Application online
0    [main] INFO  com.zero.Application  - Application online
0    [main] INFO  com.zero.Application  - Application online
0    [main] INFO  com.zero.Application  - Application online
0    [main] INFO  com.zero.Application  - Application online
0    [main] INFO  com.zero.Application  - Application online
0    [main] INFO  com.zero.Application  - Application online
0    [main] INFO  com.zero.Application  - Application online
0    [main] INFO  com.zero.Application  - Application online
0    [main] INFO  com.zero.Application  - Application online
0    [main] INFO  com.zero.Application  - Application online
0    [main] INFO  com.zero.Application  - Application online
0    [main] INFO  com.zero.Application  - Application online
0    [main] INFO  com.zero.Application  - Application online
0    [main] INFO  com.zero.Application  - Application online
0    [main] INFO  com.zero.Application  - Application online
1    [main] INFO  com.zero.Application  - Application online
0    [main] INFO  com.zero.Application  - Application online
0    [main] INFO  com.zero.Application  - Application online
0    [main] INFO  com.zero.Application  - Application online
0    [main] INFO  com.zero.Application  - Application online
0    [main] INFO  com.zero.Application  - Application online
27273 [main] INFO  com.zero.admin.user.User  - Changing user's username
32539 [main] INFO  com.zero.admin.user.User  - Changing user's password
40541 [main] INFO  com.zero.admin.user.User  - Changing user's first name
45829 [main] INFO  com.zero.admin.user.User  - Changing user's last name
56767 [main] INFO  com.zero.admin.user.User  - Changing user's home address
60037 [main] INFO  com.zero.admin.user.User  - Changing user's city
64129 [main] INFO  com.zero.admin.user.User  - Changing user's state
67647 [main] INFO  com.zero.admin.user.User  - Changing user's zip code
0    [main] INFO  com.zero.Application  - Application online
0    [main] INFO  com.zero.Application  - Application online
0    [main] INFO  com.zero.Application  - Application online
0    [main] INFO  com.zero.Application  - Application online
0    [main] INFO  com.zero.Application  - Application online
179999 [main] INFO  com.zero.admin.Administration  - new customer created: sdjflkjsdlf
0    [main] INFO  com.zero.Application  - Application online
0    [main] INFO  com.zero.Application  - Application online
43945 [main] INFO  com.zero.admin.Administration  - new customer created: johnnytest
0    [main] INFO  com.zero.Application  - Application online
0    [main] INFO  com.zero.Application  - Application online
0    [main] INFO  com.zero.Application  - Application online
203639 [main] INFO  com.zero.admin.user.User  - Creating IRA account: djsalfjd
0    [main] INFO  com.zero.Application  - Application online
63028 [main] INFO  com.zero.admin.user.User  - Creating money market account: jdsaljf
221847 [main] INFO  com.zero.admin.user.User  - Creating brokerage account: jasdjflsd
0    [main] INFO  com.zero.Application  - Application online
27055 [main] INFO  com.zero.admin.user.User  - Creating money market account: sdfljsdf
54578 [main] INFO  com.zero.admin.user.User  - Creating money market account: werewrwe
103757 [main] INFO  com.zero.admin.user.User  - Getting all accounts held by johnnytest
0    [main] INFO  com.zero.Application  - Application online
0    [main] INFO  com.zero.Application  - Application online
0    [main] INFO  com.zero.Application  - Application online
0    [main] INFO  com.zero.Application  - Application online
43573 [main] INFO  com.zero.admin.Administration  - new customer created: testAdmin
0    [main] INFO  com.zero.Application  - Application online
0    [main] INFO  com.zero.Application  - Application online
42566 [main] INFO  com.zero.admin.Administration  - new customer created: testAdmin
89845 [main] INFO  com.zero.admin.Administration  - new customer created: TestEmployee
127234 [main] INFO  com.zero.admin.Administration  - new customer created: TestManager
140872 [main] INFO  com.zero.admin.user.User  - Changing user's username
222659 [main] INFO  com.zero.admin.Administration  - new customer created: testCustomer
251157 [main] INFO  com.zero.admin.user.User  - Changing user's username
401528 [main] INFO  com.zero.admin.user.User  - Creating checking account: testAccount1
429023 [main] INFO  com.zero.admin.user.User  - Creating joint saving account: TestAccountJoint
430338 [main] ERROR com.zero.Application  - Data tables not communicating with java program. java.sql.SQLIntegrityConstraintViolationException: ORA-02290: check constraint (REVATURE.SYS_C005872) violated

501204 [main] INFO  com.zero.admin.user.User  - Creating money market account: ApprovedAccount
605873 [main] INFO  com.zero.admin.user.User  - Creating joint IRA account: JointAccountTest
665094 [main] INFO  com.zero.admin.user.User  - Creating brokerage account: DeniedAccount
0    [main] INFO  com.zero.Application  - Application online
0    [main] INFO  com.zero.Application  - Application online
0    [main] INFO  com.zero.Application  - Application online
58640 [main] INFO  com.zero.admin.user.User  - Creating CD account: cancelledAccount
63531 [main] ERROR com.zero.Application  - Failed to prompt login. Something is wrong with the SQL statement: java.sql.SQLSyntaxErrorException: ORA-00905: missing keyword

102585 [main] ERROR com.zero.Application  - Failed to prompt login. Something is wrong with the SQL statement: java.sql.SQLSyntaxErrorException: ORA-00905: missing keyword

0    [main] INFO  com.zero.Application  - Application online
30416 [main] ERROR com.zero.Application  - Failed to prompt login. Something is wrong with the SQL statement: java.sql.SQLSyntaxErrorException: ORA-00905: missing keyword

0    [main] INFO  com.zero.Application  - Application online
0    [main] INFO  com.zero.Application  - Application online
0    [main] INFO  com.zero.Application  - Application online
39155 [main] ERROR com.zero.Application  - Failed to prompt login. Something is wrong with the SQL statement: java.sql.SQLSyntaxErrorException: ORA-00905: missing keyword

0    [main] INFO  com.zero.Application  - Application online
0    [main] INFO  com.zero.Application  - Application online
0    [main] INFO  com.zero.Application  - Application online
0    [main] INFO  com.zero.Application  - Application online
67713 [main] INFO  com.zero.admin.user.User  - Creating brokerage account: CancelledAccountv2
347204 [main] ERROR com.zero.Application  - Failed to prompt login. Something is wrong with the SQL statement: java.sql.SQLRecoverableException: IO Error: The Network Adapter could not establish the connection
0    [main] INFO  com.zero.Application  - Application online
35858 [main] INFO  com.zero.admin.Administration  - new customer created: testCustomer2
0    [main] INFO  com.zero.Application  - Application online
15101 [main] INFO  com.zero.admin.user.User  - Getting all accounts held by testCustomer2
51549 [main] INFO  com.zero.admin.user.User  - Getting all accounts held by testCustomer2
96284 [main] INFO  com.zero.admin.user.User  - Getting all accounts held by testCustomer2
110907 [main] INFO  com.zero.admin.user.User  - Getting all accounts held by testCustomer2
138695 [main] INFO  com.zero.admin.user.User  - Getting all accounts held by testCustomer
163223 [main] INFO  com.zero.admin.user.User  - Withdrawing funds from 2
163843 [main] ERROR com.zero.admin.user.User  - Balance will drop below zero
0    [main] INFO  com.zero.Application  - Application online
18260 [main] INFO  com.zero.admin.user.User  - Getting all accounts held by testCustomer2
0    [main] INFO  com.zero.Application  - Application online
27244 [main] INFO  com.zero.admin.user.User  - Getting all accounts held by testCustomer
0    [main] INFO  com.zero.Application  - Application online
46952 [main] INFO  com.zero.admin.user.User  - Changing user's first name
50744 [main] INFO  com.zero.admin.user.User  - Changing user's last name
98118 [main] INFO  com.zero.admin.user.User  - Getting all accounts held by testCustomer
131821 [main] INFO  com.zero.admin.user.User  - Withdrawing funds from 2
132703 [main] ERROR com.zero.admin.user.User  - Balance will drop below zero
